1479568717232	geckodriver	INFO	Listening on 127.0.0.1:65168
console.error: artur: 
  panels.onLocationChange
  Message: TypeError: Type does not implements method: modelFor#7b6lqlc41jk
  Stack:
    dispatch@resource://gre/modules/commonjs/toolkit/loader.js -> resource://gre/modules/commonjs/method/core.js:116:24
dispatcher/dispatch@resource://gre/modules/commonjs/toolkit/loader.js -> resource://gre/modules/commonjs/sdk/util/dispatcher.js:35:24
progressListener.onLocationChange@resource://gre/modules/commonjs/toolkit/loader.js -> resource://artur-dot-dubovoy-at-gmail-dot-com/lib/panels.js:52:30
RemoteWebProgressManager.prototype._callProgressListeners@resource://gre/modules/RemoteWebProgress.jsm:176:11
RemoteWebProgressManager.prototype.receiveMessage@resource://gre/modules/RemoteWebProgress.jsm:259:7

console.error: artur: 
  panels.onLocationChange
  Message: TypeError: Type does not implements method: modelFor#7b6lqlc41jk
  Stack:
    dispatch@resource://gre/modules/commonjs/toolkit/loader.js -> resource://gre/modules/commonjs/method/core.js:116:24
dispatcher/dispatch@resource://gre/modules/commonjs/toolkit/loader.js -> resource://gre/modules/commonjs/sdk/util/dispatcher.js:35:24
progressListener.onLocationChange@resource://gre/modules/commonjs/toolkit/loader.js -> resource://artur-dot-dubovoy-at-gmail-dot-com/lib/panels.js:52:30
RemoteWebProgressManager.prototype._callProgressListeners@resource://gre/modules/RemoteWebProgress.jsm:176:11
RemoteWebProgressManager.prototype.receiveMessage@resource://gre/modules/RemoteWebProgress.jsm:259:7

console.error: artur: 
  panels.onLocationChange
  Message: TypeError: Type does not implements method: modelFor#87pmedj6lsg
  Stack:
    dispatch@resource://gre/modules/commonjs/toolkit/loader.js -> resource://gre/modules/commonjs/method/core.js:116:24
dispatcher/dispatch@resource://gre/modules/commonjs/toolkit/loader.js -> resource://gre/modules/commonjs/sdk/util/dispatcher.js:35:24
progressListener.onLocationChange@resource://gre/modules/commonjs/toolkit/loader.js -> resource://artur-dot-dubovoy-at-gmail-dot-com/lib/panels.js:52:30
RemoteWebProgressManager.prototype._callProgressListeners@resource://gre/modules/RemoteWebProgress.jsm:176:11
RemoteWebProgressManager.prototype.receiveMessage@resource://gre/modules/RemoteWebProgress.jsm:259:7

console.error: artur: 
  panels.onLocationChange
  Message: TypeError: Type does not implements method: modelFor#87pmedj6lsg
  Stack:
    dispatch@resource://gre/modules/commonjs/toolkit/loader.js -> resource://gre/modules/commonjs/method/core.js:116:24
dispatcher/dispatch@resource://gre/modules/commonjs/toolkit/loader.js -> resource://gre/modules/commonjs/sdk/util/dispatcher.js:35:24
progressListener.onLocationChange@resource://gre/modules/commonjs/toolkit/loader.js -> resource://artur-dot-dubovoy-at-gmail-dot-com/lib/panels.js:52:30
RemoteWebProgressManager.prototype._callProgressListeners@resource://gre/modules/RemoteWebProgress.jsm:176:11
RemoteWebProgressManager.prototype.receiveMessage@resource://gre/modules/RemoteWebProgress.jsm:259:7

[Child 2616] WARNING: pipe error: 109: file c:/builds/moz2_slave/m-rel-w32-00000000000000000000/build/src/ipc/chromium/src/chrome/common/ipc_channel_win.cc, line 346
[Child 2616] WARNING: pipe error: 109: file c:/builds/moz2_slave/m-rel-w32-00000000000000000000/build/src/ipc/chromium/src/chrome/common/ipc_channel_win.cc, line 346
console.error: artur: 
  panels.onLocationChange
  Message: TypeError: Type does not implements method: modelFor#qr4irl87gtg
  Stack:
    dispatch@resource://gre/modules/commonjs/toolkit/loader.js -> resource://gre/modules/commonjs/method/core.js:116:24
dispatcher/dispatch@resource://gre/modules/commonjs/toolkit/loader.js -> resource://gre/modules/commonjs/sdk/util/dispatcher.js:35:24
progressListener.onLocationChange@resource://gre/modules/commonjs/toolkit/loader.js -> resource://artur-dot-dubovoy-at-gmail-dot-com/lib/panels.js:52:30
RemoteWebProgressManager.prototype._callProgressListeners@resource://gre/modules/RemoteWebProgress.jsm:176:11
RemoteWebProgressManager.prototype.receiveMessage@resource://gre/modules/RemoteWebProgress.jsm:259:7

console.error: artur: 
  panels.onLocationChange
  Message: TypeError: Type does not implements method: modelFor#qr4irl87gtg
  Stack:
    dispatch@resource://gre/modules/commonjs/toolkit/loader.js -> resource://gre/modules/commonjs/method/core.js:116:24
dispatcher/dispatch@resource://gre/modules/commonjs/toolkit/loader.js -> resource://gre/modules/commonjs/sdk/util/dispatcher.js:35:24
progressListener.onLocationChange@resource://gre/modules/commonjs/toolkit/loader.js -> resource://artur-dot-dubovoy-at-gmail-dot-com/lib/panels.js:52:30
RemoteWebProgressManager.prototype._callProgressListeners@resource://gre/modules/RemoteWebProgress.jsm:176:11
RemoteWebProgressManager.prototype.receiveMessage@resource://gre/modules/RemoteWebProgress.jsm:259:7

console.error: artur: 
  panels.onLocationChange
  Message: TypeError: Type does not implements method: modelFor#qr4irl87gtg
  Stack:
    dispatch@resource://gre/modules/commonjs/toolkit/loader.js -> resource://gre/modules/commonjs/method/core.js:116:24
dispatcher/dispatch@resource://gre/modules/commonjs/toolkit/loader.js -> resource://gre/modules/commonjs/sdk/util/dispatcher.js:35:24
progressListener.onLocationChange@resource://gre/modules/commonjs/toolkit/loader.js -> resource://artur-dot-dubovoy-at-gmail-dot-com/lib/panels.js:52:30
RemoteWebProgressManager.prototype._callProgressListeners@resource://gre/modules/RemoteWebProgress.jsm:176:11
RemoteWebProgressManager.prototype.receiveMessage@resource://gre/modules/RemoteWebProgress.jsm:259:7

console.error: artur: 
  panels.onLocationChange
  Message: TypeError: Type does not implements method: modelFor#qr4irl87gtg
  Stack:
    dispatch@resource://gre/modules/commonjs/toolkit/loader.js -> resource://gre/modules/commonjs/method/core.js:116:24
dispatcher/dispatch@resource://gre/modules/commonjs/toolkit/loader.js -> resource://gre/modules/commonjs/sdk/util/dispatcher.js:35:24
progressListener.onLocationChange@resource://gre/modules/commonjs/toolkit/loader.js -> resource://artur-dot-dubovoy-at-gmail-dot-com/lib/panels.js:52:30
RemoteWebProgressManager.prototype._callProgressListeners@resource://gre/modules/RemoteWebProgress.jsm:176:11
RemoteWebProgressManager.prototype.receiveMessage@resource://gre/modules/RemoteWebProgress.jsm:259:7

console.error: artur: 
  panels.onLocationChange
  Message: TypeError: Type does not implements method: modelFor#qr4irl87gtg
  Stack:
    dispatch@resource://gre/modules/commonjs/toolkit/loader.js -> resource://gre/modules/commonjs/method/core.js:116:24
dispatcher/dispatch@resource://gre/modules/commonjs/toolkit/loader.js -> resource://gre/modules/commonjs/sdk/util/dispatcher.js:35:24
progressListener.onLocationChange@resource://gre/modules/commonjs/toolkit/loader.js -> resource://artur-dot-dubovoy-at-gmail-dot-com/lib/panels.js:52:30
RemoteWebProgressManager.prototype._callProgressListeners@resource://gre/modules/RemoteWebProgress.jsm:176:11
RemoteWebProgressManager.prototype.receiveMessage@resource://gre/modules/RemoteWebProgress.jsm:259:7

[Child 2616] WARNING: pipe error: 109: file c:/builds/moz2_slave/m-rel-w32-00000000000000000000/build/src/ipc/chromium/src/chrome/common/ipc_channel_win.cc, line 346
console.error: artur: 
  panels.onLocationChange
  Message: TypeError: Type does not implements method: modelFor#303pu7i5fuk
  Stack:
    dispatch@resource://gre/modules/commonjs/toolkit/loader.js -> resource://gre/modules/commonjs/method/core.js:116:24
dispatcher/dispatch@resource://gre/modules/commonjs/toolkit/loader.js -> resource://gre/modules/commonjs/sdk/util/dispatcher.js:35:24
progressListener.onLocationChange@resource://gre/modules/commonjs/toolkit/loader.js -> resource://artur-dot-dubovoy-at-gmail-dot-com/lib/panels.js:52:30
RemoteWebProgressManager.prototype._callProgressListeners@resource://gre/modules/RemoteWebProgress.jsm:176:11
RemoteWebProgressManager.prototype.receiveMessage@resource://gre/modules/RemoteWebProgress.jsm:259:7

console.error: artur: 
  panels.onLocationChange
  Message: TypeError: Type does not implements method: modelFor#303pu7i5fuk
  Stack:
    dispatch@resource://gre/modules/commonjs/toolkit/loader.js -> resource://gre/modules/commonjs/method/core.js:116:24
dispatcher/dispatch@resource://gre/modules/commonjs/toolkit/loader.js -> resource://gre/modules/commonjs/sdk/util/dispatcher.js:35:24
progressListener.onLocationChange@resource://gre/modules/commonjs/toolkit/loader.js -> resource://artur-dot-dubovoy-at-gmail-dot-com/lib/panels.js:52:30
RemoteWebProgressManager.prototype._callProgressListeners@resource://gre/modules/RemoteWebProgress.jsm:176:11
RemoteWebProgressManager.prototype.receiveMessage@resource://gre/modules/RemoteWebProgress.jsm:259:7

console.error: artur: 
  panels.onLocationChange
  Message: TypeError: Type does not implements method: modelFor#303pu7i5fuk
  Stack:
    dispatch@resource://gre/modules/commonjs/toolkit/loader.js -> resource://gre/modules/commonjs/method/core.js:116:24
dispatcher/dispatch@resource://gre/modules/commonjs/toolkit/loader.js -> resource://gre/modules/commonjs/sdk/util/dispatcher.js:35:24
progressListener.onLocationChange@resource://gre/modules/commonjs/toolkit/loader.js -> resource://artur-dot-dubovoy-at-gmail-dot-com/lib/panels.js:52:30
RemoteWebProgressManager.prototype._callProgressListeners@resource://gre/modules/RemoteWebProgress.jsm:176:11
RemoteWebProgressManager.prototype.receiveMessage@resource://gre/modules/RemoteWebProgress.jsm:259:7

console.error: artur: 
  panels.onLocationChange
  Message: TypeError: Type does not implements method: modelFor#303pu7i5fuk
  Stack:
    dispatch@resource://gre/modules/commonjs/toolkit/loader.js -> resource://gre/modules/commonjs/method/core.js:116:24
dispatcher/dispatch@resource://gre/modules/commonjs/toolkit/loader.js -> resource://gre/modules/commonjs/sdk/util/dispatcher.js:35:24
progressListener.onLocationChange@resource://gre/modules/commonjs/toolkit/loader.js -> resource://artur-dot-dubovoy-at-gmail-dot-com/lib/panels.js:52:30
RemoteWebProgressManager.prototype._callProgressListeners@resource://gre/modules/RemoteWebProgress.jsm:176:11
RemoteWebProgressManager.prototype.receiveMessage@resource://gre/modules/RemoteWebProgress.jsm:259:7

console.error: artur: 
  panels.onLocationChange
  Message: TypeError: Type does not implements method: modelFor#303pu7i5fuk
  Stack:
    dispatch@resource://gre/modules/commonjs/toolkit/loader.js -> resource://gre/modules/commonjs/method/core.js:116:24
dispatcher/dispatch@resource://gre/modules/commonjs/toolkit/loader.js -> resource://gre/modules/commonjs/sdk/util/dispatcher.js:35:24
progressListener.onLocationChange@resource://gre/modules/commonjs/toolkit/loader.js -> resource://artur-dot-dubovoy-at-gmail-dot-com/lib/panels.js:52:30
RemoteWebProgressManager.prototype._callProgressListeners@resource://gre/modules/RemoteWebProgress.jsm:176:11
RemoteWebProgressManager.prototype.receiveMessage@resource://gre/modules/RemoteWebProgress.jsm:259:7

console.error: artur: 
  panels.onLocationChange
  Message: TypeError: Type does not implements method: modelFor#303pu7i5fuk
  Stack:
    dispatch@resource://gre/modules/commonjs/toolkit/loader.js -> resource://gre/modules/commonjs/method/core.js:116:24
dispatcher/dispatch@resource://gre/modules/commonjs/toolkit/loader.js -> resource://gre/modules/commonjs/sdk/util/dispatcher.js:35:24
progressListener.onLocationChange@resource://gre/modules/commonjs/toolkit/loader.js -> resource://artur-dot-dubovoy-at-gmail-dot-com/lib/panels.js:52:30
RemoteWebProgressManager.prototype._callProgressListeners@resource://gre/modules/RemoteWebProgress.jsm:176:11
RemoteWebProgressManager.prototype.receiveMessage@resource://gre/modules/RemoteWebProgress.jsm:259:7


###!!! [Child][MessageChannel] Error: (msgtype=0x4A00C2,name=PContent::Msg_ConsoleMessage) Channel closing: too late to send/recv, messages will be lost

[Child 6236] WARNING: pipe error: 109: file c:/builds/moz2_slave/m-rel-w32-00000000000000000000/build/src/ipc/chromium/src/chrome/common/ipc_channel_win.cc, line 346
[Child 6236] WARNING: pipe error: 109: file c:/builds/moz2_slave/m-rel-w32-00000000000000000000/build/src/ipc/chromium/src/chrome/common/ipc_channel_win.cc, line 346
1479576421454	geckodriver	INFO	Listening on 127.0.0.1:50341
1479576423481	mozprofile::profile	INFO	Using profile path C:\Users\Igor\AppData\Local\Temp\rust_mozprofile.vb0B5l5kMYnm
1479576423492	geckodriver::marionette	INFO	Starting browser C:\Program Files (x86)\Mozilla Firefox\firefox.exe
1479576423509	geckodriver::marionette	INFO	Connecting to Marionette on localhost:50347
1479576424098	Marionette	INFO	Listening on port 50347
[Child 5888] WARNING: pipe error: 109: file c:/builds/moz2_slave/m-rel-w32-00000000000000000000/build/src/ipc/chromium/src/chrome/common/ipc_channel_win.cc, line 346
1479576812107	geckodriver	INFO	Listening on 127.0.0.1:50417
1479576814108	mozprofile::profile	INFO	Using profile path C:\Users\Igor\AppData\Local\Temp\rust_mozprofile.GBWqnfRGicH5
1479576814115	geckodriver::marionette	INFO	Starting browser C:\Program Files (x86)\Mozilla Firefox\firefox.exe
1479576814133	geckodriver::marionette	INFO	Connecting to Marionette on localhost:50423
1479576814764	Marionette	INFO	Listening on port 50423
[Child 7236] WARNING: pipe error: 109: file c:/builds/moz2_slave/m-rel-w32-00000000000000000000/build/src/ipc/chromium/src/chrome/common/ipc_channel_win.cc, line 346
[Child 7236] WARNING: pipe error: 109: file c:/builds/moz2_slave/m-rel-w32-00000000000000000000/build/src/ipc/chromium/src/chrome/common/ipc_channel_win.cc, line 346
1479577004691	geckodriver	INFO	Listening on 127.0.0.1:50480
1479577006707	mozprofile::profile	INFO	Using profile path C:\Users\Igor\AppData\Local\Temp\rust_mozprofile.tTzWif38lZB7
1479577006716	geckodriver::marionette	INFO	Starting browser C:\Program Files (x86)\Mozilla Firefox\firefox.exe
1479577006732	geckodriver::marionette	INFO	Connecting to Marionette on localhost:50486
1479577007323	Marionette	INFO	Listening on port 50486
JavaScript error: resource://gre/modules/commonjs/toolkit/loader.js -> resource://devtools/client/inspector/breadcrumbs.js, line 486: TypeError: this.handleMouseLeave is not a function
JavaScript error: resource://gre/modules/commonjs/toolkit/loader.js -> resource://devtools/client/inspector/breadcrumbs.js, line 486: TypeError: this.handleMouseLeave is not a function
JavaScript error: resource://gre/modules/commonjs/toolkit/loader.js -> resource://devtools/client/inspector/breadcrumbs.js, line 486: TypeError: this.handleMouseLeave is not a function
JavaScript error: resource://gre/modules/commonjs/toolkit/loader.js -> resource://devtools/client/inspector/breadcrumbs.js, line 486: TypeError: this.handleMouseLeave is not a function
JavaScript error: resource://gre/modules/commonjs/toolkit/loader.js -> resource://devtools/client/inspector/breadcrumbs.js, line 486: TypeError: this.handleMouseLeave is not a function
JavaScript error: resource://gre/modules/commonjs/toolkit/loader.js -> resource://devtools/client/inspector/breadcrumbs.js, line 486: TypeError: this.handleMouseLeave is not a function
JavaScript error: resource://gre/modules/commonjs/toolkit/loader.js -> resource://devtools/client/inspector/breadcrumbs.js, line 486: TypeError: this.handleMouseLeave is not a function
JavaScript error: resource://gre/modules/commonjs/toolkit/loader.js -> resource://devtools/client/inspector/breadcrumbs.js, line 486: TypeError: this.handleMouseLeave is not a function
JavaScript error: resource://gre/modules/commonjs/toolkit/loader.js -> resource://devtools/client/inspector/breadcrumbs.js, line 486: TypeError: this.handleMouseLeave is not a function
JavaScript error: resource://gre/modules/commonjs/toolkit/loader.js -> resource://devtools/client/inspector/breadcrumbs.js, line 486: TypeError: this.handleMouseLeave is not a function
JavaScript error: resource://gre/modules/commonjs/toolkit/loader.js -> resource://devtools/client/inspector/breadcrumbs.js, line 486: TypeError: this.handleMouseLeave is not a function
JavaScript error: resource://gre/modules/commonjs/toolkit/loader.js -> resource://devtools/client/inspector/breadcrumbs.js, line 486: TypeError: this.handleMouseLeave is not a function
JavaScript error: resource://gre/modules/commonjs/toolkit/loader.js -> resource://devtools/client/inspector/breadcrumbs.js, line 486: TypeError: this.handleMouseLeave is not a function
JavaScript error: resource://gre/modules/commonjs/toolkit/loader.js -> resource://devtools/client/inspector/breadcrumbs.js, line 486: TypeError: this.handleMouseLeave is not a function
JavaScript error: resource://gre/modules/commonjs/toolkit/loader.js -> resource://devtools/client/inspector/breadcrumbs.js, line 486: TypeError: this.handleMouseLeave is not a function
JavaScript error: resource://gre/modules/LoginManagerParent.jsm, line 77: TypeError: this._recipeManager is null
console.warn: nsLoginManager: searchLogins: `formSubmitURL` or `httpRealm` is recommended
JavaScript error: resource://gre/modules/commonjs/toolkit/loader.js -> resource://devtools/client/inspector/breadcrumbs.js, line 486: TypeError: this.handleMouseLeave is not a function
JavaScript error: resource://gre/modules/commonjs/toolkit/loader.js -> resource://devtools/client/inspector/breadcrumbs.js, line 486: TypeError: this.handleMouseLeave is not a function
JavaScript error: resource://gre/modules/commonjs/toolkit/loader.js -> resource://devtools/client/inspector/breadcrumbs.js, line 486: TypeError: this.handleMouseLeave is not a function
1479577707248	geckodriver	INFO	Listening on 127.0.0.1:50663
1479577709240	mozprofile::profile	INFO	Using profile path C:\Users\Igor\AppData\Local\Temp\rust_mozprofile.sd1oyiNY9YaR
1479577709247	geckodriver::marionette	INFO	Starting browser C:\Program Files (x86)\Mozilla Firefox\firefox.exe
1479577709269	geckodriver::marionette	INFO	Connecting to Marionette on localhost:50669
1479577709909	Marionette	INFO	Listening on port 50669
[Child 8004] WARNING: pipe error: 109: file c:/builds/moz2_slave/m-rel-w32-00000000000000000000/build/src/ipc/chromium/src/chrome/common/ipc_channel_win.cc, line 346
1479577914648	geckodriver	INFO	Listening on 127.0.0.1:50748
1479577916647	mozprofile::profile	INFO	Using profile path C:\Users\Igor\AppData\Local\Temp\rust_mozprofile.pVWtarAfh2rn
1479577916653	geckodriver::marionette	INFO	Starting browser C:\Program Files (x86)\Mozilla Firefox\firefox.exe
1479577916671	geckodriver::marionette	INFO	Connecting to Marionette on localhost:50754
1479577917290	Marionette	INFO	Listening on port 50754
JavaScript error: resource://gre/modules/LoginManagerParent.jsm, line 77: TypeError: this._recipeManager is null
console.warn: nsLoginManager: searchLogins: `formSubmitURL` or `httpRealm` is recommended
1479578119291	geckodriver	INFO	Listening on 127.0.0.1:50825
1479578121288	mozprofile::profile	INFO	Using profile path C:\Users\Igor\AppData\Local\Temp\rust_mozprofile.d95CIoiDoDWN
1479578121296	geckodriver::marionette	INFO	Starting browser C:\Program Files (x86)\Mozilla Firefox\firefox.exe
1479578121310	geckodriver::marionette	INFO	Connecting to Marionette on localhost:50831
1479578121920	Marionette	INFO	Listening on port 50831
[Child 7868] WARNING: pipe error: 109: file c:/builds/moz2_slave/m-rel-w32-00000000000000000000/build/src/ipc/chromium/src/chrome/common/ipc_channel_win.cc, line 346
[Child 7868] WARNING: pipe error: 109: file c:/builds/moz2_slave/m-rel-w32-00000000000000000000/build/src/ipc/chromium/src/chrome/common/ipc_channel_win.cc, line 346
1479578150390	geckodriver	INFO	Listening on 127.0.0.1:50883
1479578152391	mozprofile::profile	INFO	Using profile path C:\Users\Igor\AppData\Local\Temp\rust_mozprofile.pyLqf5qnpyYv
1479578152398	geckodriver::marionette	INFO	Starting browser C:\Program Files (x86)\Mozilla Firefox\firefox.exe
1479578152415	geckodriver::marionette	INFO	Connecting to Marionette on localhost:50889
1479578153037	Marionette	INFO	Listening on port 50889
1479578196287	geckodriver	INFO	Listening on 127.0.0.1:50940
1479578198296	mozprofile::profile	INFO	Using profile path C:\Users\Igor\AppData\Local\Temp\rust_mozprofile.YhUDzITNTd7F
1479578198302	geckodriver::marionette	INFO	Starting browser C:\Program Files (x86)\Mozilla Firefox\firefox.exe
1479578198319	geckodriver::marionette	INFO	Connecting to Marionette on localhost:50946
1479578198947	Marionette	INFO	Listening on port 50946
[Child 3184] WARNING: pipe error: 109: file c:/builds/moz2_slave/m-rel-w32-00000000000000000000/build/src/ipc/chromium/src/chrome/common/ipc_channel_win.cc, line 346
1479578335088	geckodriver	INFO	Listening on 127.0.0.1:51048
1479578337090	mozprofile::profile	INFO	Using profile path C:\Users\Igor\AppData\Local\Temp\rust_mozprofile.ezLqYHrkcbr4
1479578337094	geckodriver::marionette	INFO	Starting browser C:\Program Files (x86)\Mozilla Firefox\firefox.exe
1479578337105	geckodriver::marionette	INFO	Connecting to Marionette on localhost:51054
1479578337771	Marionette	INFO	Listening on port 51054
[Child 7616] WARNING: pipe error: 109: file c:/builds/moz2_slave/m-rel-w32-00000000000000000000/build/src/ipc/chromium/src/chrome/common/ipc_channel_win.cc, line 346

###!!! [Child][MessageChannel] Error: (msgtype=0x4A011A,name=PContent::Msg_AsyncMessage) Channel closing: too late to send/recv, messages will be lost

JavaScript error: chrome://global/content/process-content.js, line 51: NS_ERROR_UNEXPECTED: Component returned failure code: 0x8000ffff (NS_ERROR_UNEXPECTED) [nsIMessageSender.sendAsyncMessage]
[Child 7616] WARNING: pipe error: 109: file c:/builds/moz2_slave/m-rel-w32-00000000000000000000/build/src/ipc/chromium/src/chrome/common/ipc_channel_win.cc, line 346

###!!! [Child][MessageChannel] Error: (msgtype=0x4A011A,name=PContent::Msg_AsyncMessage) Channel closing: too late to send/recv, messages will be lost

JavaScript error: chrome://global/content/process-content.js, line 51: NS_ERROR_UNEXPECTED: Component returned failure code: 0x8000ffff (NS_ERROR_UNEXPECTED) [nsIMessageSender.sendAsyncMessage]

###!!! [Child][OnMaybeDequeueOne] Error: Channel closing: too late to send/recv, messages will be lost


###!!! [Child][MessageChannel] Error: (msgtype=0x8E0007,name=PHttpChannel::Msg_Cancel) Channel closing: too late to send/recv, messages will be lost


###!!! [Child][MessageChannel] Error: (msgtype=0x4A011A,name=PContent::Msg_AsyncMessage) Channel closing: too late to send/recv, messages will be lost

JavaScript error: chrome://global/content/process-content.js, line 51: NS_ERROR_UNEXPECTED: Component returned failure code: 0x8000ffff (NS_ERROR_UNEXPECTED) [nsIMessageSender.sendAsyncMessage]

###!!! [Child][MessageChannel] Error: (msgtype=0x4A011A,name=PContent::Msg_AsyncMessage) Channel closing: too late to send/recv, messages will be lost

JavaScript error: chrome://global/content/process-content.js, line 51: NS_ERROR_UNEXPECTED: Component returned failure code: 0x8000ffff (NS_ERROR_UNEXPECTED) [nsIMessageSender.sendAsyncMessage]

###!!! [Child][MessageChannel] Error: (msgtype=0x4A011A,name=PContent::Msg_AsyncMessage) Channel closing: too late to send/recv, messages will be lost

JavaScript error: chrome://global/content/process-content.js, line 51: NS_ERROR_UNEXPECTED: Component returned failure code: 0x8000ffff (NS_ERROR_UNEXPECTED) [nsIMessageSender.sendAsyncMessage]

###!!! [Child][MessageChannel] Error: (msgtype=0x4A011A,name=PContent::Msg_AsyncMessage) Channel closing: too late to send/recv, messages will be lost

JavaScript error: chrome://global/content/process-content.js, line 51: NS_ERROR_UNEXPECTED: Component returned failure code: 0x8000ffff (NS_ERROR_UNEXPECTED) [nsIMessageSender.sendAsyncMessage]

###!!! [Child][MessageChannel] Error: (msgtype=0x4A011A,name=PContent::Msg_AsyncMessage) Channel closing: too late to send/recv, messages will be lost

JavaScript error: chrome://global/content/process-content.js, line 51: NS_ERROR_UNEXPECTED: Component returned failure code: 0x8000ffff (NS_ERROR_UNEXPECTED) [nsIMessageSender.sendAsyncMessage]

###!!! [Child][MessageChannel] Error: (msgtype=0x4A011A,name=PContent::Msg_AsyncMessage) Channel closing: too late to send/recv, messages will be lost

JavaScript error: chrome://global/content/process-content.js, line 51: NS_ERROR_UNEXPECTED: Component returned failure code: 0x8000ffff (NS_ERROR_UNEXPECTED) [nsIMessageSender.sendAsyncMessage]

###!!! [Child][MessageChannel] Error: (msgtype=0x4A011A,name=PContent::Msg_AsyncMessage) Channel closing: too late to send/recv, messages will be lost

JavaScript error: chrome://global/content/process-content.js, line 51: NS_ERROR_UNEXPECTED: Component returned failure code: 0x8000ffff (NS_ERROR_UNEXPECTED) [nsIMessageSender.sendAsyncMessage]

###!!! [Child][MessageChannel] Error: (msgtype=0x4A011A,name=PContent::Msg_AsyncMessage) Channel closing: too late to send/recv, messages will be lost

JavaScript error: chrome://global/content/process-content.js, line 51: NS_ERROR_UNEXPECTED: Component returned failure code: 0x8000ffff (NS_ERROR_UNEXPECTED) [nsIMessageSender.sendAsyncMessage]

###!!! [Child][MessageChannel] Error: (msgtype=0x4A011A,name=PContent::Msg_AsyncMessage) Channel closing: too late to send/recv, messages will be lost

JavaScript error: chrome://global/content/process-content.js, line 51: NS_ERROR_UNEXPECTED: Component returned failure code: 0x8000ffff (NS_ERROR_UNEXPECTED) [nsIMessageSender.sendAsyncMessage]

###!!! [Child][MessageChannel] Error: (msgtype=0x4A011A,name=PContent::Msg_AsyncMessage) Channel closing: too late to send/recv, messages will be lost

JavaScript error: chrome://global/content/process-content.js, line 51: NS_ERROR_UNEXPECTED: Component returned failure code: 0x8000ffff (NS_ERROR_UNEXPECTED) [nsIMessageSender.sendAsyncMessage]

###!!! [Child][MessageChannel] Error: (msgtype=0x4A011A,name=PContent::Msg_AsyncMessage) Channel closing: too late to send/recv, messages will be lost

JavaScript error: chrome://global/content/process-content.js, line 51: NS_ERROR_UNEXPECTED: Component returned failure code: 0x8000ffff (NS_ERROR_UNEXPECTED) [nsIMessageSender.sendAsyncMessage]

###!!! [Child][MessageChannel] Error: (msgtype=0x4A011A,name=PContent::Msg_AsyncMessage) Channel closing: too late to send/recv, messages will be lost

JavaScript error: chrome://global/content/process-content.js, line 51: NS_ERROR_UNEXPECTED: Component returned failure code: 0x8000ffff (NS_ERROR_UNEXPECTED) [nsIMessageSender.sendAsyncMessage]

###!!! [Child][MessageChannel] Error: (msgtype=0x4A011A,name=PContent::Msg_AsyncMessage) Channel closing: too late to send/recv, messages will be lost

JavaScript error: chrome://global/content/process-content.js, line 51: NS_ERROR_UNEXPECTED: Component returned failure code: 0x8000ffff (NS_ERROR_UNEXPECTED) [nsIMessageSender.sendAsyncMessage]

###!!! [Child][MessageChannel] Error: (msgtype=0x4A011A,name=PContent::Msg_AsyncMessage) Channel closing: too late to send/recv, messages will be lost

JavaScript error: chrome://global/content/process-content.js, line 51: NS_ERROR_UNEXPECTED: Component returned failure code: 0x8000ffff (NS_ERROR_UNEXPECTED) [nsIMessageSender.sendAsyncMessage]

###!!! [Child][MessageChannel] Error: (msgtype=0x4A011A,name=PContent::Msg_AsyncMessage) Channel closing: too late to send/recv, messages will be lost

JavaScript error: chrome://global/content/process-content.js, line 51: NS_ERROR_UNEXPECTED: Component returned failure code: 0x8000ffff (NS_ERROR_UNEXPECTED) [nsIMessageSender.sendAsyncMessage]

###!!! [Child][MessageChannel] Error: (msgtype=0x4A011A,name=PContent::Msg_AsyncMessage) Channel closing: too late to send/recv, messages will be lost

JavaScript error: chrome://global/content/process-content.js, line 51: NS_ERROR_UNEXPECTED: Component returned failure code: 0x8000ffff (NS_ERROR_UNEXPECTED) [nsIMessageSender.sendAsyncMessage]

###!!! [Child][MessageChannel] Error: (msgtype=0x4A011A,name=PContent::Msg_AsyncMessage) Channel closing: too late to send/recv, messages will be lost

JavaScript error: chrome://global/content/process-content.js, line 51: NS_ERROR_UNEXPECTED: Component returned failure code: 0x8000ffff (NS_ERROR_UNEXPECTED) [nsIMessageSender.sendAsyncMessage]

###!!! [Child][MessageChannel] Error: (msgtype=0x4A011A,name=PContent::Msg_AsyncMessage) Channel closing: too late to send/recv, messages will be lost

JavaScript error: chrome://global/content/process-content.js, line 51: NS_ERROR_UNEXPECTED: Component returned failure code: 0x8000ffff (NS_ERROR_UNEXPECTED) [nsIMessageSender.sendAsyncMessage]

###!!! [Child][MessageChannel] Error: (msgtype=0x4A011A,name=PContent::Msg_AsyncMessage) Channel closing: too late to send/recv, messages will be lost

JavaScript error: chrome://global/content/process-content.js, line 51: NS_ERROR_UNEXPECTED: Component returned failure code: 0x8000ffff (NS_ERROR_UNEXPECTED) [nsIMessageSender.sendAsyncMessage]

###!!! [Child][MessageChannel] Error: (msgtype=0x4A011A,name=PContent::Msg_AsyncMessage) Channel closing: too late to send/recv, messages will be lost

JavaScript error: chrome://global/content/process-content.js, line 51: NS_ERROR_UNEXPECTED: Component returned failure code: 0x8000ffff (NS_ERROR_UNEXPECTED) [nsIMessageSender.sendAsyncMessage]

###!!! [Child][MessageChannel] Error: (msgtype=0x4A011A,name=PContent::Msg_AsyncMessage) Channel closing: too late to send/recv, messages will be lost

JavaScript error: chrome://global/content/process-content.js, line 51: NS_ERROR_UNEXPECTED: Component returned failure code: 0x8000ffff (NS_ERROR_UNEXPECTED) [nsIMessageSender.sendAsyncMessage]

###!!! [Child][MessageChannel] Error: (msgtype=0x4A011A,name=PContent::Msg_AsyncMessage) Channel closing: too late to send/recv, messages will be lost

JavaScript error: chrome://global/content/process-content.js, line 51: NS_ERROR_UNEXPECTED: Component returned failure code: 0x8000ffff (NS_ERROR_UNEXPECTED) [nsIMessageSender.sendAsyncMessage]

###!!! [Child][MessageChannel] Error: (msgtype=0x4A011A,name=PContent::Msg_AsyncMessage) Channel closing: too late to send/recv, messages will be lost

JavaScript error: chrome://global/content/process-content.js, line 51: NS_ERROR_UNEXPECTED: Component returned failure code: 0x8000ffff (NS_ERROR_UNEXPECTED) [nsIMessageSender.sendAsyncMessage]

###!!! [Child][MessageChannel] Error: (msgtype=0x2E0045,name=PBrowser::Msg___delete__) Channel closing: too late to send/recv, messages will be lost


###!!! [Child][OnMaybeDequeueOne] Error: Channel closing: too late to send/recv, messages will be lost


###!!! [Child][MessageChannel] Error: (msgtype=0x4A00C3,name=PContent::Msg_ScriptError) Channel closing: too late to send/recv, messages will be lost

